INFO:root:Created Employee: hamim phopal - Email: hamim.phopal@email.com
INFO:root:Created Employee: adam phopal - Email: adam.phopal@email.com
INFO:root:Created Employee: mike black - Email: mike.black@email.com
INFO:__main__:Created Employee: John Smith - John.Smith@email.com
INFO:__main__:Created Employee: Corey Schafer - Corey.Schafer@email.com
INFO:__main__:Created Employee: Jane Doe - Jane.Doe@email.com
INFO:employee1:Created Employee: John Smith - John.Smith@email.com
INFO:employee1:Created Employee: Corey Schafer - Corey.Schafer@email.com
INFO:employee1:Created Employee: Jane Doe - Jane.Doe@email.com
INFO:employee1:Created Employee: John Smith - John.Smith@email.com
INFO:employee1:Created Employee: Corey Schafer - Corey.Schafer@email.com
INFO:employee1:Created Employee: Jane Doe - Jane.Doe@email.com
INFO:employee1:Created Employee: John Smith - John.Smith@email.com
INFO:employee1:Created Employee: Corey Schafer - Corey.Schafer@email.com
INFO:employee1:Created Employee: Jane Doe - Jane.Doe@email.com
INFO:employee1:Created Employee: John Smith - John.Smith@email.com
INFO:employee1:Created Employee: Corey Schafer - Corey.Schafer@email.com
INFO:employee1:Created Employee: Jane Doe - Jane.Doe@email.com
INFO:employee1:Created Employee: John Smith - John.Smith@email.com
INFO:employee1:Created Employee: Corey Schafer - Corey.Schafer@email.com
INFO:employee1:Created Employee: Jane Doe - Jane.Doe@email.com
INFO:employee1:Created Employee: John Smith - John.Smith@email.com
INFO:employee1:Created Employee: Corey Schafer - Corey.Schafer@email.com
INFO:employee1:Created Employee: Jane Doe - Jane.Doe@email.com
